<?xml version="1.0" encoding="UTF-8"?>
<!-- Generated by org.testng.reporters.JUnitReportReporter -->
<testsuite hostname="EYALKOPEL-LT" name="com.experitest.auto.IOSDemoTest" tests="1" failures="0" timestamp="4 Jan 2018 12:55:43 GMT" time="148.551" errors="0">
  <testcase name="test" time="148.551" classname="com.experitest.auto.IOSDemoTest"/>
</testsuite> <!-- com.experitest.auto.IOSDemoTest -->
